{
  "stats": {
    "suites": 1,
    "tests": 2,
    "passes": 2,
    "pending": 0,
    "failures": 0,
    "start": "2020-11-22T18:34:43.135Z",
    "end": "2020-11-22T18:34:43.623Z",
    "duration": 488,
    "testsRegistered": 2,
    "passPercent": 100,
    "pendingPercent": 0,
    "other": 0,
    "hasOther": false,
    "skipped": 0,
    "hasSkipped": false
  },
  "results": [
    {
      "uuid": "d664168d-ed22-4856-ab10-9ee25094a969",
      "title": "",
      "fullFile": "",
      "file": "",
      "beforeHooks": [],
      "afterHooks": [],
      "tests": [],
      "suites": [
        {
          "uuid": "1fd610cd-1721-4fbc-b047-4c69e81d9899",
          "title": "OneTwoTrip Test Tasks",
          "fullFile": "C:\\Users\\Karituchi\\onetwotrip_test_task\\spec\\onetwotrip.spec.js",
          "file": "\\spec\\onetwotrip.spec.js",
          "beforeHooks": [],
          "afterHooks": [],
          "tests": [
            {
              "title": "Task 1.",
              "fullTitle": "OneTwoTrip Test Tasks Task 1.",
              "timedOut": false,
              "duration": 349,
              "state": "passed",
              "speed": "slow",
              "pass": true,
              "fail": false,
              "pending": false,
              "context": null,
              "code": "chai.request(CONST.BASE_URL)\n            .get('/_bus/geo/suggest')\n            .query({ query: CONST.DEPARTURE_VALUE, limit: CONST.LIMIT })\n            .end(function (err, res) {\n                expect(res.status).to.equal(200);\n                expect(res.body.data.length).to.equal(5);\n                expect(res).to.be.json;\n                for (let i = 0; i < res.body.data.length; i++) {\n                    \n                    expect(res.body.data[i].name).to.include(CONST.DEPARTURE_VALUE);\n                    expect(res.body.data[i]).to.have.all.keys(CONST.DEPARTURE_KEYS_RESPONSE);\n                }\n                done();\n            });",
              "err": {},
              "uuid": "1728e482-72a9-4ba6-a242-53d5d0d19506",
              "parentUUID": "1fd610cd-1721-4fbc-b047-4c69e81d9899",
              "isHook": false,
              "skipped": false
            },
            {
              "title": "Task 2. Check redirect",
              "fullTitle": "OneTwoTrip Test Tasks Task 2. Check redirect",
              "timedOut": false,
              "duration": 84,
              "state": "passed",
              "speed": "slow",
              "pass": true,
              "fail": false,
              "pending": false,
              "context": null,
              "code": "chai.request(CONST.BASE_URL)   \n    .get('/')\n    .redirects(0)\n    .end(function (err, res) {\n        expect(res.status).to.equal(301);\n        expect(res).to.redirectTo(CONST.REDIRECTED_BASE_URL);\n        done();\n    });",
              "err": {},
              "uuid": "2896c596-f1b4-4341-bbe3-9bb634204449",
              "parentUUID": "1fd610cd-1721-4fbc-b047-4c69e81d9899",
              "isHook": false,
              "skipped": false
            }
          ],
          "suites": [],
          "passes": [
            "1728e482-72a9-4ba6-a242-53d5d0d19506",
            "2896c596-f1b4-4341-bbe3-9bb634204449"
          ],
          "failures": [],
          "pending": [],
          "skipped": [],
          "duration": 433,
          "root": false,
          "rootEmpty": false,
          "_timeout": 2000
        }
      ],
      "passes": [],
      "failures": [],
      "pending": [],
      "skipped": [],
      "duration": 0,
      "root": true,
      "rootEmpty": true,
      "_timeout": 2000
    }
  ],
  "meta": {
    "mocha": {
      "version": "8.2.1"
    },
    "mochawesome": {
      "options": {
        "quiet": false,
        "reportFilename": "mochawesome",
        "saveHtml": true,
        "saveJson": true,
        "consoleReporter": "spec",
        "useInlineDiffs": false,
        "code": true
      },
      "version": "6.2.1"
    },
    "marge": {
      "options": null,
      "version": "5.1.0"
    }
  }
}